<?xml version="1.0" encoding="UTF-8"?>
<!-- Generated by org.testng.reporters.JUnitReportReporter -->
<testsuite skipped="0" hostname="AMCHLT211" name="com.demoTestScripts.DisableAndEnableUsers" tests="1" failures="0" timestamp="12 Dec 2018 14:54:58 GMT" time="401.897" errors="0">
  <testcase name="disable_And_Enable_User" time="401.897" classname="com.demoTestScripts.DisableAndEnableUsers"/>
</testsuite> <!-- com.demoTestScripts.DisableAndEnableUsers -->
