<?xml version="1.0" encoding="UTF-8"?>
<!-- Generated by org.testng.reporters.JUnitReportReporter -->
<testsuite skipped="0" hostname="AMCHLT211" name="com.demoTestScripts.AccessVerification" tests="1" failures="0" timestamp="13 Dec 2018 21:12:36 GMT" time="101.893" errors="0">
  <testcase name="accessVerificationTest" time="101.893" classname="com.demoTestScripts.AccessVerification"/>
</testsuite> <!-- com.demoTestScripts.AccessVerification -->
