<?xml version="1.0" encoding="UTF-8"?>
<!-- Generated by org.testng.reporters.JUnitReportReporter -->
<testsuite skipped="1" hostname="AMCHLT211" name="com.craigListJob.CraigListVA" tests="2" failures="0" timestamp="27 Feb 2019 19:16:19 GMT" time="55.904" errors="0">
  <testcase name="getVAData" time="55.904" classname="com.craigListJob.CraigListVA"/>
  <testcase name="loopThroughData" classname="com.craigListJob.CraigListVA">
    <skipped/>
  </testcase> <!-- loopThroughData -->
</testsuite> <!-- com.craigListJob.CraigListVA -->
