<?xml version="1.0" encoding="UTF-8"?>
<!-- Generated by org.testng.reporters.JUnitReportReporter -->
<testsuite skipped="0" hostname="AMCHLT211" name="com.demoTestScripts.DisableAndEnableUsers" tests="1" failures="0" timestamp="11 Dec 2018 16:43:01 GMT" time="136.905" errors="0">
  <testcase name="disable_And_Enable_User" time="136.905" classname="com.demoTestScripts.DisableAndEnableUsers"/>
</testsuite> <!-- com.demoTestScripts.DisableAndEnableUsers -->
