<?xml version="1.0" encoding="UTF-8"?>
<!-- Generated by org.testng.reporters.JUnitReportReporter -->
<testsuite skipped="0" hostname="AMCHLT211" name="com.demoTestScripts.DisableAndEnableUsers" tests="1" failures="0" timestamp="11 Dec 2018 13:56:29 GMT" time="61.088" errors="0">
  <testcase name="UM_Verify_Impact_of_Removing_Functional_Role_050A" time="61.088" classname="com.demoTestScripts.DisableAndEnableUsers"/>
</testsuite> <!-- com.demoTestScripts.DisableAndEnableUsers -->
