<?xml version="1.0" encoding="UTF-8"?>
<!-- Generated by org.testng.reporters.JUnitReportReporter -->
<testsuite skipped="0" hostname="AMCHLT211" name="com.demoTestScripts.AccessVerification" tests="1" failures="0" timestamp="11 Dec 2018 21:44:34 GMT" time="77.416" errors="0">
  <testcase name="accessVerificationTest" time="77.416" classname="com.demoTestScripts.AccessVerification"/>
</testsuite> <!-- com.demoTestScripts.AccessVerification -->
